cd build && make check
make[1]: Entering directory `/home/ee379k/Desktop/pintos/userprog/build'
gcc -m32 -c ../../userprog/process.c -o userprog/process.o -g -msoft-float -O -fno-stack-protector -nostdinc -I../.. -I../../lib -I../../lib/kernel -Wall -W -Wstrict-prototypes -Wmissing-prototypes -Wsystem-headers -DUSERPROG -DFILESYS -MMD -MF userprog/process.d
gcc -m32 -c ../../userprog/syscall.c -o userprog/syscall.o -g -msoft-float -O -fno-stack-protector -nostdinc -I../.. -I../../lib -I../../lib/kernel -Wall -W -Wstrict-prototypes -Wmissing-prototypes -Wsystem-headers -DUSERPROG -DFILESYS -MMD -MF userprog/syscall.d
ld -melf_i386 -T threads/kernel.lds.s -o kernel.o threads/start.o threads/init.o threads/thread.o threads/switch.o threads/interrupt.o threads/intr-stubs.o threads/synch.o threads/palloc.o threads/malloc.o devices/pit.o devices/timer.o devices/kbd.o devices/vga.o devices/serial.o devices/block.o devices/partition.o devices/ide.o devices/input.o devices/intq.o devices/rtc.o devices/shutdown.o devices/speaker.o lib/debug.o lib/random.o lib/stdio.o lib/stdlib.o lib/string.o lib/arithmetic.o lib/ustar.o lib/kernel/debug.o lib/kernel/list.o lib/kernel/bitmap.o lib/kernel/hash.o lib/kernel/console.o userprog/process.o userprog/pagedir.o userprog/exception.o userprog/syscall.o userprog/gdt.o userprog/tss.o filesys/filesys.o filesys/free-map.o filesys/file.o filesys/directory.o filesys/inode.o filesys/fsutil.o
objcopy -R .note -R .comment -S kernel.o kernel.bin
echo c | ../../utils/pintos -v -k -T 60   --filesys-size=2 -p tests/userprog/args-none -a args-none -- -q  -f run args-none 2> tests/userprog/args-none.errors > tests/userprog/args-none.output
perl -I../.. ../../tests/userprog/args-none.ck tests/userprog/args-none tests/userprog/args-none.result
pass tests/userprog/args-none
echo c | ../../utils/pintos -v -k -T 60   --filesys-size=2 -p tests/userprog/args-single -a args-single -- -q  -f run 'args-single onearg' 2> tests/userprog/args-single.errors > tests/userprog/args-single.output
perl -I../.. ../../tests/userprog/args-single.ck tests/userprog/args-single tests/userprog/args-single.result
pass tests/userprog/args-single
echo c | ../../utils/pintos -v -k -T 60   --filesys-size=2 -p tests/userprog/args-multiple -a args-multiple -- -q  -f run 'args-multiple some arguments for you!' 2> tests/userprog/args-multiple.errors > tests/userprog/args-multiple.output
perl -I../.. ../../tests/userprog/args-multiple.ck tests/userprog/args-multiple tests/userprog/args-multiple.result
pass tests/userprog/args-multiple
echo c | ../../utils/pintos -v -k -T 60   --filesys-size=2 -p tests/userprog/args-many -a args-many -- -q  -f run 'args-many a b c d e f g h i j k l m n o p q r s t u v' 2> tests/userprog/args-many.errors > tests/userprog/args-many.output
perl -I../.. ../../tests/userprog/args-many.ck tests/userprog/args-many tests/userprog/args-many.result
pass tests/userprog/args-many
echo c | ../../utils/pintos -v -k -T 60   --filesys-size=2 -p tests/userprog/args-dbl-space -a args-dbl-space -- -q  -f run 'args-dbl-space two  spaces!' 2> tests/userprog/args-dbl-space.errors > tests/userprog/args-dbl-space.output
perl -I../.. ../../tests/userprog/args-dbl-space.ck tests/userprog/args-dbl-space tests/userprog/args-dbl-space.result
pass tests/userprog/args-dbl-space
echo c | ../../utils/pintos -v -k -T 60   --filesys-size=2 -p tests/userprog/sc-bad-sp -a sc-bad-sp -- -q  -f run sc-bad-sp 2> tests/userprog/sc-bad-sp.errors > tests/userprog/sc-bad-sp.output
perl -I../.. ../../tests/userprog/sc-bad-sp.ck tests/userprog/sc-bad-sp tests/userprog/sc-bad-sp.result
pass tests/userprog/sc-bad-sp
echo c | ../../utils/pintos -v -k -T 60   --filesys-size=2 -p tests/userprog/sc-bad-arg -a sc-bad-arg -- -q  -f run sc-bad-arg 2> tests/userprog/sc-bad-arg.errors > tests/userprog/sc-bad-arg.output
perl -I../.. ../../tests/userprog/sc-bad-arg.ck tests/userprog/sc-bad-arg tests/userprog/sc-bad-arg.result
pass tests/userprog/sc-bad-arg
echo c | ../../utils/pintos -v -k -T 60   --filesys-size=2 -p tests/userprog/sc-boundary -a sc-boundary -- -q  -f run sc-boundary 2> tests/userprog/sc-boundary.errors > tests/userprog/sc-boundary.output
perl -I../.. ../../tests/userprog/sc-boundary.ck tests/userprog/sc-boundary tests/userprog/sc-boundary.result
pass tests/userprog/sc-boundary
echo c | ../../utils/pintos -v -k -T 60   --filesys-size=2 -p tests/userprog/sc-boundary-2 -a sc-boundary-2 -- -q  -f run sc-boundary-2 2> tests/userprog/sc-boundary-2.errors > tests/userprog/sc-boundary-2.output
perl -I../.. ../../tests/userprog/sc-boundary-2.ck tests/userprog/sc-boundary-2 tests/userprog/sc-boundary-2.result
pass tests/userprog/sc-boundary-2
echo c | ../../utils/pintos -v -k -T 60   --filesys-size=2 -p tests/userprog/halt -a halt -- -q  -f run halt 2> tests/userprog/halt.errors > tests/userprog/halt.output
perl -I../.. ../../tests/userprog/halt.ck tests/userprog/halt tests/userprog/halt.result
pass tests/userprog/halt
echo c | ../../utils/pintos -v -k -T 60   --filesys-size=2 -p tests/userprog/exit -a exit -- -q  -f run exit 2> tests/userprog/exit.errors > tests/userprog/exit.output
perl -I../.. ../../tests/userprog/exit.ck tests/userprog/exit tests/userprog/exit.result
pass tests/userprog/exit
echo c | ../../utils/pintos -v -k -T 60   --filesys-size=2 -p tests/userprog/create-normal -a create-normal -- -q  -f run create-normal 2> tests/userprog/create-normal.errors > tests/userprog/create-normal.output
perl -I../.. ../../tests/userprog/create-normal.ck tests/userprog/create-normal tests/userprog/create-normal.result
pass tests/userprog/create-normal
echo c | ../../utils/pintos -v -k -T 60   --filesys-size=2 -p tests/userprog/create-empty -a create-empty -- -q  -f run create-empty 2> tests/userprog/create-empty.errors > tests/userprog/create-empty.output
perl -I../.. ../../tests/userprog/create-empty.ck tests/userprog/create-empty tests/userprog/create-empty.result
pass tests/userprog/create-empty
echo c | ../../utils/pintos -v -k -T 60   --filesys-size=2 -p tests/userprog/create-null -a create-null -- -q  -f run create-null 2> tests/userprog/create-null.errors > tests/userprog/create-null.output
perl -I../.. ../../tests/userprog/create-null.ck tests/userprog/create-null tests/userprog/create-null.result
pass tests/userprog/create-null
echo c | ../../utils/pintos -v -k -T 60   --filesys-size=2 -p tests/userprog/create-bad-ptr -a create-bad-ptr -- -q  -f run create-bad-ptr 2> tests/userprog/create-bad-ptr.errors > tests/userprog/create-bad-ptr.output
perl -I../.. ../../tests/userprog/create-bad-ptr.ck tests/userprog/create-bad-ptr tests/userprog/create-bad-ptr.result
pass tests/userprog/create-bad-ptr
echo c | ../../utils/pintos -v -k -T 60   --filesys-size=2 -p tests/userprog/create-long -a create-long -- -q  -f run create-long 2> tests/userprog/create-long.errors > tests/userprog/create-long.output
perl -I../.. ../../tests/userprog/create-long.ck tests/userprog/create-long tests/userprog/create-long.result
pass tests/userprog/create-long
echo c | ../../utils/pintos -v -k -T 60   --filesys-size=2 -p tests/userprog/create-exists -a create-exists -- -q  -f run create-exists 2> tests/userprog/create-exists.errors > tests/userprog/create-exists.output
perl -I../.. ../../tests/userprog/create-exists.ck tests/userprog/create-exists tests/userprog/create-exists.result
pass tests/userprog/create-exists
echo c | ../../utils/pintos -v -k -T 60   --filesys-size=2 -p tests/userprog/create-bound -a create-bound -- -q  -f run create-bound 2> tests/userprog/create-bound.errors > tests/userprog/create-bound.output
perl -I../.. ../../tests/userprog/create-bound.ck tests/userprog/create-bound tests/userprog/create-bound.result
pass tests/userprog/create-bound
echo c | ../../utils/pintos -v -k -T 60   --filesys-size=2 -p tests/userprog/open-normal -a open-normal -p ../../tests/userprog/sample.txt -a sample.txt -- -q  -f run open-normal 2> tests/userprog/open-normal.errors > tests/userprog/open-normal.output
perl -I../.. ../../tests/userprog/open-normal.ck tests/userprog/open-normal tests/userprog/open-normal.result
pass tests/userprog/open-normal
echo c | ../../utils/pintos -v -k -T 60   --filesys-size=2 -p tests/userprog/open-missing -a open-missing -- -q  -f run open-missing 2> tests/userprog/open-missing.errors > tests/userprog/open-missing.output
perl -I../.. ../../tests/userprog/open-missing.ck tests/userprog/open-missing tests/userprog/open-missing.result
pass tests/userprog/open-missing
echo c | ../../utils/pintos -v -k -T 60   --filesys-size=2 -p tests/userprog/open-boundary -a open-boundary -p ../../tests/userprog/sample.txt -a sample.txt -- -q  -f run open-boundary 2> tests/userprog/open-boundary.errors > tests/userprog/open-boundary.output
perl -I../.. ../../tests/userprog/open-boundary.ck tests/userprog/open-boundary tests/userprog/open-boundary.result
pass tests/userprog/open-boundary
echo c | ../../utils/pintos -v -k -T 60   --filesys-size=2 -p tests/userprog/open-empty -a open-empty -- -q  -f run open-empty 2> tests/userprog/open-empty.errors > tests/userprog/open-empty.output
perl -I../.. ../../tests/userprog/open-empty.ck tests/userprog/open-empty tests/userprog/open-empty.result
pass tests/userprog/open-empty
echo c | ../../utils/pintos -v -k -T 60   --filesys-size=2 -p tests/userprog/open-null -a open-null -- -q  -f run open-null 2> tests/userprog/open-null.errors > tests/userprog/open-null.output
perl -I../.. ../../tests/userprog/open-null.ck tests/userprog/open-null tests/userprog/open-null.result
pass tests/userprog/open-null
echo c | ../../utils/pintos -v -k -T 60   --filesys-size=2 -p tests/userprog/open-bad-ptr -a open-bad-ptr -- -q  -f run open-bad-ptr 2> tests/userprog/open-bad-ptr.errors > tests/userprog/open-bad-ptr.output
perl -I../.. ../../tests/userprog/open-bad-ptr.ck tests/userprog/open-bad-ptr tests/userprog/open-bad-ptr.result
pass tests/userprog/open-bad-ptr
echo c | ../../utils/pintos -v -k -T 60   --filesys-size=2 -p tests/userprog/open-twice -a open-twice -p ../../tests/userprog/sample.txt -a sample.txt -- -q  -f run open-twice 2> tests/userprog/open-twice.errors > tests/userprog/open-twice.output
perl -I../.. ../../tests/userprog/open-twice.ck tests/userprog/open-twice tests/userprog/open-twice.result
pass tests/userprog/open-twice
echo c | ../../utils/pintos -v -k -T 60   --filesys-size=2 -p tests/userprog/close-normal -a close-normal -p ../../tests/userprog/sample.txt -a sample.txt -- -q  -f run close-normal 2> tests/userprog/close-normal.errors > tests/userprog/close-normal.output
perl -I../.. ../../tests/userprog/close-normal.ck tests/userprog/close-normal tests/userprog/close-normal.result
FAIL tests/userprog/close-normal
Test output failed to match any acceptable form.

Acceptable output:
  (close-normal) begin
  (close-normal) open "sample.txt"
  (close-normal) close "sample.txt"
  (close-normal) end
  close-normal: exit(0)
Differences in `diff -u' format:
  (close-normal) begin
  (close-normal) open "sample.txt"
  (close-normal) close "sample.txt"
- (close-normal) end
- close-normal: exit(0)
+ close-normal: exit(-1)
echo c | ../../utils/pintos -v -k -T 60   --filesys-size=2 -p tests/userprog/close-twice -a close-twice -p ../../tests/userprog/sample.txt -a sample.txt -- -q  -f run close-twice 2> tests/userprog/close-twice.errors > tests/userprog/close-twice.output
perl -I../.. ../../tests/userprog/close-twice.ck tests/userprog/close-twice tests/userprog/close-twice.result
FAIL tests/userprog/close-twice
Test output failed to match any acceptable form.

Acceptable output:
  (close-twice) begin
  (close-twice) open "sample.txt"
  (close-twice) close "sample.txt"
  (close-twice) close "sample.txt" again
  close-twice: exit(-1)
Differences in `diff -u' format:
  (close-twice) begin
  (close-twice) open "sample.txt"
  (close-twice) close "sample.txt"
- (close-twice) close "sample.txt" again
  close-twice: exit(-1)
Acceptable output:
  (close-twice) begin
  (close-twice) open "sample.txt"
  (close-twice) close "sample.txt"
  (close-twice) close "sample.txt" again
  (close-twice) end
  close-twice: exit(0)
Differences in `diff -u' format:
  (close-twice) begin
  (close-twice) open "sample.txt"
  (close-twice) close "sample.txt"
- (close-twice) close "sample.txt" again
- (close-twice) end
- close-twice: exit(0)
+ close-twice: exit(-1)
echo c | ../../utils/pintos -v -k -T 60   --filesys-size=2 -p tests/userprog/close-stdin -a close-stdin -- -q  -f run close-stdin 2> tests/userprog/close-stdin.errors > tests/userprog/close-stdin.output
perl -I../.. ../../tests/userprog/close-stdin.ck tests/userprog/close-stdin tests/userprog/close-stdin.result
pass tests/userprog/close-stdin
echo c | ../../utils/pintos -v -k -T 60   --filesys-size=2 -p tests/userprog/close-stdout -a close-stdout -- -q  -f run close-stdout 2> tests/userprog/close-stdout.errors > tests/userprog/close-stdout.output
perl -I../.. ../../tests/userprog/close-stdout.ck tests/userprog/close-stdout tests/userprog/close-stdout.result
pass tests/userprog/close-stdout
echo c | ../../utils/pintos -v -k -T 60   --filesys-size=2 -p tests/userprog/close-bad-fd -a close-bad-fd -- -q  -f run close-bad-fd 2> tests/userprog/close-bad-fd.errors > tests/userprog/close-bad-fd.output
perl -I../.. ../../tests/userprog/close-bad-fd.ck tests/userprog/close-bad-fd tests/userprog/close-bad-fd.result
FAIL tests/userprog/close-bad-fd
Kernel panic in run: PANIC at ../../userprog/exception.c:100 in kill(): Kernel bug - unexpected interrupt in kernel
Call stack: 0xc002828e 0xc002b70f 0x83e58955
Translation of call stack:
In kernel.o:
0xc002828e: debug_panic (.../../lib/kernel/debug.c:38)
0xc002b70f: sys_close (...../userprog/syscall.c:141)
0x83e58955: (unknown)
echo c | ../../utils/pintos -v -k -T 60   --filesys-size=2 -p tests/userprog/read-normal -a read-normal -p ../../tests/userprog/sample.txt -a sample.txt -- -q  -f run read-normal 2> tests/userprog/read-normal.errors > tests/userprog/read-normal.output
perl -I../.. ../../tests/userprog/read-normal.ck tests/userprog/read-normal tests/userprog/read-normal.result
FAIL tests/userprog/read-normal
Test output failed to match any acceptable form.

Acceptable output:
  (read-normal) begin
  (read-normal) open "sample.txt" for verification
  (read-normal) verified contents of "sample.txt"
  (read-normal) close "sample.txt"
  (read-normal) end
  read-normal: exit(0)
Differences in `diff -u' format:
  (read-normal) begin
  (read-normal) open "sample.txt" for verification
  (read-normal) verified contents of "sample.txt"
  (read-normal) close "sample.txt"
- (read-normal) end
- read-normal: exit(0)
+ read-normal: exit(-1)
echo c | ../../utils/pintos -v -k -T 60   --filesys-size=2 -p tests/userprog/read-bad-ptr -a read-bad-ptr -p ../../tests/userprog/sample.txt -a sample.txt -- -q  -f run read-bad-ptr 2> tests/userprog/read-bad-ptr.errors > tests/userprog/read-bad-ptr.output
perl -I../.. ../../tests/userprog/read-bad-ptr.ck tests/userprog/read-bad-ptr tests/userprog/read-bad-ptr.result
pass tests/userprog/read-bad-ptr
echo c | ../../utils/pintos -v -k -T 60   --filesys-size=2 -p tests/userprog/read-boundary -a read-boundary -p ../../tests/userprog/sample.txt -a sample.txt -- -q  -f run read-boundary 2> tests/userprog/read-boundary.errors > tests/userprog/read-boundary.output
perl -I../.. ../../tests/userprog/read-boundary.ck tests/userprog/read-boundary tests/userprog/read-boundary.result
pass tests/userprog/read-boundary
echo c | ../../utils/pintos -v -k -T 60   --filesys-size=2 -p tests/userprog/read-zero -a read-zero -p ../../tests/userprog/sample.txt -a sample.txt -- -q  -f run read-zero 2> tests/userprog/read-zero.errors > tests/userprog/read-zero.output
perl -I../.. ../../tests/userprog/read-zero.ck tests/userprog/read-zero tests/userprog/read-zero.result
pass tests/userprog/read-zero
echo c | ../../utils/pintos -v -k -T 60   --filesys-size=2 -p tests/userprog/read-stdout -a read-stdout -- -q  -f run read-stdout 2> tests/userprog/read-stdout.errors > tests/userprog/read-stdout.output
perl -I../.. ../../tests/userprog/read-stdout.ck tests/userprog/read-stdout tests/userprog/read-stdout.result
FAIL tests/userprog/read-stdout
Kernel panic in run: PANIC at ../../userprog/exception.c:100 in kill(): Kernel bug - unexpected interrupt in kernel
Call stack: 0xc002828e 0xc002b5fa
Translation of call stack:
0xc002828e: debug_panic (.../../lib/kernel/debug.c:38)
0xc002b5fa: sys_read (...../userprog/syscall.c:101)
echo c | ../../utils/pintos -v -k -T 60   --filesys-size=2 -p tests/userprog/read-bad-fd -a read-bad-fd -- -q  -f run read-bad-fd 2> tests/userprog/read-bad-fd.errors > tests/userprog/read-bad-fd.output
perl -I../.. ../../tests/userprog/read-bad-fd.ck tests/userprog/read-bad-fd tests/userprog/read-bad-fd.result
FAIL tests/userprog/read-bad-fd
Kernel panic in run: PANIC at ../../userprog/exception.c:100 in kill(): Kernel bug - unexpected interrupt in kernel
Call stack: 0xc002828e 0xc002b5fa
Translation of call stack:
0xc002828e: debug_panic (.../../lib/kernel/debug.c:38)
0xc002b5fa: sys_read (...../userprog/syscall.c:101)
echo c | ../../utils/pintos -v -k -T 60   --filesys-size=2 -p tests/userprog/write-normal -a write-normal -p ../../tests/userprog/sample.txt -a sample.txt -- -q  -f run write-normal 2> tests/userprog/write-normal.errors > tests/userprog/write-normal.output
perl -I../.. ../../tests/userprog/write-normal.ck tests/userprog/write-normal tests/userprog/write-normal.result
pass tests/userprog/write-normal
echo c | ../../utils/pintos -v -k -T 60   --filesys-size=2 -p tests/userprog/write-bad-ptr -a write-bad-ptr -p ../../tests/userprog/sample.txt -a sample.txt -- -q  -f run write-bad-ptr 2> tests/userprog/write-bad-ptr.errors > tests/userprog/write-bad-ptr.output
perl -I../.. ../../tests/userprog/write-bad-ptr.ck tests/userprog/write-bad-ptr tests/userprog/write-bad-ptr.result
pass tests/userprog/write-bad-ptr
echo c | ../../utils/pintos -v -k -T 60   --filesys-size=2 -p tests/userprog/write-boundary -a write-boundary -p ../../tests/userprog/sample.txt -a sample.txt -- -q  -f run write-boundary 2> tests/userprog/write-boundary.errors > tests/userprog/write-boundary.output
perl -I../.. ../../tests/userprog/write-boundary.ck tests/userprog/write-boundary tests/userprog/write-boundary.result
pass tests/userprog/write-boundary
echo c | ../../utils/pintos -v -k -T 60   --filesys-size=2 -p tests/userprog/write-zero -a write-zero -p ../../tests/userprog/sample.txt -a sample.txt -- -q  -f run write-zero 2> tests/userprog/write-zero.errors > tests/userprog/write-zero.output
perl -I../.. ../../tests/userprog/write-zero.ck tests/userprog/write-zero tests/userprog/write-zero.result
pass tests/userprog/write-zero
echo c | ../../utils/pintos -v -k -T 60   --filesys-size=2 -p tests/userprog/write-stdin -a write-stdin -- -q  -f run write-stdin 2> tests/userprog/write-stdin.errors > tests/userprog/write-stdin.output
perl -I../.. ../../tests/userprog/write-stdin.ck tests/userprog/write-stdin tests/userprog/write-stdin.result
FAIL tests/userprog/write-stdin
Kernel panic in run: PANIC at ../../userprog/exception.c:100 in kill(): Kernel bug - unexpected interrupt in kernel
Call stack: 0xc002828e 0xc002b65f
Translation of call stack:
0xc002828e: debug_panic (.../../lib/kernel/debug.c:38)
0xc002b65f: sys_write (...../userprog/syscall.c:114)
echo c | ../../utils/pintos -v -k -T 60   --filesys-size=2 -p tests/userprog/write-bad-fd -a write-bad-fd -- -q  -f run write-bad-fd 2> tests/userprog/write-bad-fd.errors > tests/userprog/write-bad-fd.output
perl -I../.. ../../tests/userprog/write-bad-fd.ck tests/userprog/write-bad-fd tests/userprog/write-bad-fd.result
FAIL tests/userprog/write-bad-fd
Kernel panic in run: PANIC at ../../userprog/exception.c:100 in kill(): Kernel bug - unexpected interrupt in kernel
Call stack: 0xc002828e 0xc002b65f
Translation of call stack:
0xc002828e: debug_panic (.../../lib/kernel/debug.c:38)
0xc002b65f: sys_write (...../userprog/syscall.c:114)
echo c | ../../utils/pintos -v -k -T 60   --filesys-size=2 -p tests/userprog/exec-once -a exec-once -p tests/userprog/child-simple -a child-simple -- -q  -f run exec-once 2> tests/userprog/exec-once.errors > tests/userprog/exec-once.output
perl -I../.. ../../tests/userprog/exec-once.ck tests/userprog/exec-once tests/userprog/exec-once.result
pass tests/userprog/exec-once
echo c | ../../utils/pintos -v -k -T 60   --filesys-size=2 -p tests/userprog/exec-arg -a exec-arg -p tests/userprog/child-args -a child-args -- -q  -f run exec-arg 2> tests/userprog/exec-arg.errors > tests/userprog/exec-arg.output
perl -I../.. ../../tests/userprog/exec-arg.ck tests/userprog/exec-arg tests/userprog/exec-arg.result
pass tests/userprog/exec-arg
echo c | ../../utils/pintos -v -k -T 60   --filesys-size=2 -p tests/userprog/exec-multiple -a exec-multiple -p tests/userprog/child-simple -a child-simple -- -q  -f run exec-multiple 2> tests/userprog/exec-multiple.errors > tests/userprog/exec-multiple.output
perl -I../.. ../../tests/userprog/exec-multiple.ck tests/userprog/exec-multiple tests/userprog/exec-multiple.result
pass tests/userprog/exec-multiple
echo c | ../../utils/pintos -v -k -T 60   --filesys-size=2 -p tests/userprog/exec-missing -a exec-missing -- -q  -f run exec-missing 2> tests/userprog/exec-missing.errors > tests/userprog/exec-missing.output
perl -I../.. ../../tests/userprog/exec-missing.ck tests/userprog/exec-missing tests/userprog/exec-missing.result
FAIL tests/userprog/exec-missing
Test output failed to match any acceptable form.

Acceptable output:
  (exec-missing) begin
  load: no-such-file: open failed
  (exec-missing) exec("no-such-file"): -1
  no-such-file: exit(-1)
  (exec-missing) end
  exec-missing: exit(0)
Differences in `diff -u' format:
  (exec-missing) begin
  load: no-such-file: open failed
- (exec-missing) exec("no-such-file"): -1
+ exec-missing: exit(-1)
  no-such-file: exit(-1)
- (exec-missing) end
- exec-missing: exit(0)
Acceptable output:
  (exec-missing) begin
  (exec-missing) exec("no-such-file"): -1
  (exec-missing) end
  exec-missing: exit(0)
Differences in `diff -u' format:
  (exec-missing) begin
- (exec-missing) exec("no-such-file"): -1
- (exec-missing) end
- exec-missing: exit(0)
+ load: no-such-file: open failed
+ exec-missing: exit(-1)
+ no-such-file: exit(-1)
Acceptable output:
  (exec-missing) begin
  load: no-such-file: open failed
  (exec-missing) exec("no-such-file"): -1
  (exec-missing) end
  exec-missing: exit(0)
Differences in `diff -u' format:
  (exec-missing) begin
  load: no-such-file: open failed
- (exec-missing) exec("no-such-file"): -1
- (exec-missing) end
- exec-missing: exit(0)
+ exec-missing: exit(-1)
+ no-such-file: exit(-1)
Acceptable output:
  (exec-missing) begin
  load: no-such-file: open failed
  no-such-file: exit(-1)
  (exec-missing) exec("no-such-file"): -1
  (exec-missing) end
  exec-missing: exit(0)
Differences in `diff -u' format:
  (exec-missing) begin
  load: no-such-file: open failed
+ exec-missing: exit(-1)
  no-such-file: exit(-1)
- (exec-missing) exec("no-such-file"): -1
- (exec-missing) end
- exec-missing: exit(0)
echo c | ../../utils/pintos -v -k -T 60   --filesys-size=2 -p tests/userprog/exec-bad-ptr -a exec-bad-ptr -- -q  -f run exec-bad-ptr 2> tests/userprog/exec-bad-ptr.errors > tests/userprog/exec-bad-ptr.output
perl -I../.. ../../tests/userprog/exec-bad-ptr.ck tests/userprog/exec-bad-ptr tests/userprog/exec-bad-ptr.result
pass tests/userprog/exec-bad-ptr
echo c | ../../utils/pintos -v -k -T 60   --filesys-size=2 -p tests/userprog/wait-simple -a wait-simple -p tests/userprog/child-simple -a child-simple -- -q  -f run wait-simple 2> tests/userprog/wait-simple.errors > tests/userprog/wait-simple.output
perl -I../.. ../../tests/userprog/wait-simple.ck tests/userprog/wait-simple tests/userprog/wait-simple.result
pass tests/userprog/wait-simple
echo c | ../../utils/pintos -v -k -T 60   --filesys-size=2 -p tests/userprog/wait-twice -a wait-twice -p tests/userprog/child-simple -a child-simple -- -q  -f run wait-twice 2> tests/userprog/wait-twice.errors > tests/userprog/wait-twice.output
perl -I../.. ../../tests/userprog/wait-twice.ck tests/userprog/wait-twice tests/userprog/wait-twice.result
FAIL tests/userprog/wait-twice
Run didn't shut down properly: no "Timer: # ticks" message
echo c | ../../utils/pintos -v -k -T 60   --filesys-size=2 -p tests/userprog/wait-killed -a wait-killed -p tests/userprog/child-bad -a child-bad -- -q  -f run wait-killed 2> tests/userprog/wait-killed.errors > tests/userprog/wait-killed.output
perl -I../.. ../../tests/userprog/wait-killed.ck tests/userprog/wait-killed tests/userprog/wait-killed.result
pass tests/userprog/wait-killed
echo c | ../../utils/pintos -v -k -T 60   --filesys-size=2 -p tests/userprog/wait-bad-pid -a wait-bad-pid -- -q  -f run wait-bad-pid 2> tests/userprog/wait-bad-pid.errors > tests/userprog/wait-bad-pid.output
perl -I../.. ../../tests/userprog/wait-bad-pid.ck tests/userprog/wait-bad-pid tests/userprog/wait-bad-pid.result
FAIL tests/userprog/wait-bad-pid
Kernel panic in run: PANIC at ../../lib/kernel/list.c:171 in list_insert(): assertion `is_interior (before) || is_tail (before)' failed.
Call stack: 0xc002828e 0x83e58955
Translation of call stack:
In kernel.o:
0xc002828e: debug_panic (.../../lib/kernel/debug.c:38)
0x83e58955: (unknown)
echo c | ../../utils/pintos -v -k -T 60   --filesys-size=2 -p tests/userprog/multi-recurse -a multi-recurse -- -q  -f run 'multi-recurse 15' 2> tests/userprog/multi-recurse.errors > tests/userprog/multi-recurse.output
perl -I../.. ../../tests/userprog/multi-recurse.ck tests/userprog/multi-recurse tests/userprog/multi-recurse.result
pass tests/userprog/multi-recurse
echo c | ../../utils/pintos -v -k -T 60   --filesys-size=2 -p tests/userprog/multi-child-fd -a multi-child-fd -p ../../tests/userprog/sample.txt -a sample.txt -p tests/userprog/child-close -a child-close -- -q  -f run multi-child-fd 2> tests/userprog/multi-child-fd.errors > tests/userprog/multi-child-fd.output
perl -I../.. ../../tests/userprog/multi-child-fd.ck tests/userprog/multi-child-fd tests/userprog/multi-child-fd.result
FAIL tests/userprog/multi-child-fd
Kernel panic in run: PANIC at ../../userprog/exception.c:100 in kill(): Kernel bug - unexpected interrupt in kernel
Call stack: 0xc002828e 0xc002b70f 0xe80804aa
Translation of call stack:
0xc002828e: debug_panic (.../../lib/kernel/debug.c:38)
0xc002b70f: sys_close (...../userprog/syscall.c:141)
0xe80804aa: (unknown)
echo c | ../../utils/pintos -v -k -T 60   --filesys-size=2 -p tests/userprog/rox-simple -a rox-simple -- -q  -f run rox-simple 2> tests/userprog/rox-simple.errors > tests/userprog/rox-simple.output
perl -I../.. ../../tests/userprog/rox-simple.ck tests/userprog/rox-simple tests/userprog/rox-simple.result
FAIL tests/userprog/rox-simple
run: try to write "rox-simple": FAILED
echo c | ../../utils/pintos -v -k -T 60   --filesys-size=2 -p tests/userprog/rox-child -a rox-child -p tests/userprog/child-rox -a child-rox -- -q  -f run rox-child 2> tests/userprog/rox-child.errors > tests/userprog/rox-child.output
perl -I../.. ../../tests/userprog/rox-child.ck tests/userprog/rox-child tests/userprog/rox-child.result
FAIL tests/userprog/rox-child
run: try to write "child-rox": FAILED
echo c | ../../utils/pintos -v -k -T 60   --filesys-size=2 -p tests/userprog/rox-multichild -a rox-multichild -p tests/userprog/child-rox -a child-rox -- -q  -f run rox-multichild 2> tests/userprog/rox-multichild.errors > tests/userprog/rox-multichild.output
perl -I../.. ../../tests/userprog/rox-multichild.ck tests/userprog/rox-multichild tests/userprog/rox-multichild.result
FAIL tests/userprog/rox-multichild
run: try to write "child-rox": FAILED
echo c | ../../utils/pintos -v -k -T 60   --filesys-size=2 -p tests/userprog/bad-read -a bad-read -- -q  -f run bad-read 2> tests/userprog/bad-read.errors > tests/userprog/bad-read.output
perl -I../.. ../../tests/userprog/bad-read.ck tests/userprog/bad-read tests/userprog/bad-read.result
pass tests/userprog/bad-read
echo c | ../../utils/pintos -v -k -T 60   --filesys-size=2 -p tests/userprog/bad-write -a bad-write -- -q  -f run bad-write 2> tests/userprog/bad-write.errors > tests/userprog/bad-write.output
perl -I../.. ../../tests/userprog/bad-write.ck tests/userprog/bad-write tests/userprog/bad-write.result
pass tests/userprog/bad-write
echo c | ../../utils/pintos -v -k -T 60   --filesys-size=2 -p tests/userprog/bad-read2 -a bad-read2 -- -q  -f run bad-read2 2> tests/userprog/bad-read2.errors > tests/userprog/bad-read2.output
perl -I../.. ../../tests/userprog/bad-read2.ck tests/userprog/bad-read2 tests/userprog/bad-read2.result
pass tests/userprog/bad-read2
echo c | ../../utils/pintos -v -k -T 60   --filesys-size=2 -p tests/userprog/bad-write2 -a bad-write2 -- -q  -f run bad-write2 2> tests/userprog/bad-write2.errors > tests/userprog/bad-write2.output
perl -I../.. ../../tests/userprog/bad-write2.ck tests/userprog/bad-write2 tests/userprog/bad-write2.result
pass tests/userprog/bad-write2
echo c | ../../utils/pintos -v -k -T 60   --filesys-size=2 -p tests/userprog/bad-jump -a bad-jump -- -q  -f run bad-jump 2> tests/userprog/bad-jump.errors > tests/userprog/bad-jump.output
perl -I../.. ../../tests/userprog/bad-jump.ck tests/userprog/bad-jump tests/userprog/bad-jump.result
pass tests/userprog/bad-jump
echo c | ../../utils/pintos -v -k -T 60   --filesys-size=2 -p tests/userprog/bad-jump2 -a bad-jump2 -- -q  -f run bad-jump2 2> tests/userprog/bad-jump2.errors > tests/userprog/bad-jump2.output
perl -I../.. ../../tests/userprog/bad-jump2.ck tests/userprog/bad-jump2 tests/userprog/bad-jump2.result
pass tests/userprog/bad-jump2
echo c | ../../utils/pintos -v -k -T 360   --filesys-size=2 -p tests/userprog/no-vm/multi-oom -a multi-oom -- -q  -f run multi-oom 2> tests/userprog/no-vm/multi-oom.errors > tests/userprog/no-vm/multi-oom.output
perl -I../.. ../../tests/userprog/no-vm/multi-oom.ck tests/userprog/no-vm/multi-oom tests/userprog/no-vm/multi-oom.result
FAIL tests/userprog/no-vm/multi-oom
Run didn't shut down properly: no "Timer: # ticks" message
echo c | ../../utils/pintos -v -k -T 60   --filesys-size=2 -p tests/filesys/base/lg-create -a lg-create -- -q  -f run lg-create 2> tests/filesys/base/lg-create.errors > tests/filesys/base/lg-create.output
perl -I../.. ../../tests/filesys/base/lg-create.ck tests/filesys/base/lg-create tests/filesys/base/lg-create.result
FAIL tests/filesys/base/lg-create
Test output failed to match any acceptable form.

Acceptable output:
  (lg-create) begin
  (lg-create) create "blargle"
  (lg-create) open "blargle" for verification
  (lg-create) verified contents of "blargle"
  (lg-create) close "blargle"
  (lg-create) end
Differences in `diff -u' format:
  (lg-create) begin
  (lg-create) create "blargle"
  (lg-create) open "blargle" for verification
  (lg-create) verified contents of "blargle"
  (lg-create) close "blargle"
- (lg-create) end

(Process exit codes are excluded for matching purposes.)
echo c | ../../utils/pintos -v -k -T 60   --filesys-size=2 -p tests/filesys/base/lg-full -a lg-full -- -q  -f run lg-full 2> tests/filesys/base/lg-full.errors > tests/filesys/base/lg-full.output
perl -I../.. ../../tests/filesys/base/lg-full.ck tests/filesys/base/lg-full tests/filesys/base/lg-full.result
FAIL tests/filesys/base/lg-full
Test output failed to match any acceptable form.

Acceptable output:
  (lg-full) begin
  (lg-full) create "quux"
  (lg-full) open "quux"
  (lg-full) writing "quux"
  (lg-full) close "quux"
  (lg-full) open "quux" for verification
  (lg-full) verified contents of "quux"
  (lg-full) close "quux"
  (lg-full) end
Differences in `diff -u' format:
  (lg-full) begin
  (lg-full) create "quux"
  (lg-full) open "quux"
  (lg-full) writing "quux"
  (lg-full) close "quux"
- (lg-full) open "quux" for verification
- (lg-full) verified contents of "quux"
- (lg-full) close "quux"
- (lg-full) end

(Process exit codes are excluded for matching purposes.)
echo c | ../../utils/pintos -v -k -T 60   --filesys-size=2 -p tests/filesys/base/lg-random -a lg-random -- -q  -f run lg-random 2> tests/filesys/base/lg-random.errors > tests/filesys/base/lg-random.output
perl -I../.. ../../tests/filesys/base/lg-random.ck tests/filesys/base/lg-random tests/filesys/base/lg-random.result
FAIL tests/filesys/base/lg-random
Test output failed to match any acceptable form.

Acceptable output:
  (lg-random) begin
  (lg-random) create "bazzle"
  (lg-random) open "bazzle"
  (lg-random) write "bazzle" in random order
  (lg-random) read "bazzle" in random order
  (lg-random) close "bazzle"
  (lg-random) end
Differences in `diff -u' format:
  (lg-random) begin
  (lg-random) create "bazzle"
  (lg-random) open "bazzle"
  (lg-random) write "bazzle" in random order
  (lg-random) read "bazzle" in random order
  (lg-random) close "bazzle"
- (lg-random) end

(Process exit codes are excluded for matching purposes.)
echo c | ../../utils/pintos -v -k -T 60   --filesys-size=2 -p tests/filesys/base/lg-seq-block -a lg-seq-block -- -q  -f run lg-seq-block 2> tests/filesys/base/lg-seq-block.errors > tests/filesys/base/lg-seq-block.output
perl -I../.. ../../tests/filesys/base/lg-seq-block.ck tests/filesys/base/lg-seq-block tests/filesys/base/lg-seq-block.result
FAIL tests/filesys/base/lg-seq-block
Test output failed to match any acceptable form.

Acceptable output:
  (lg-seq-block) begin
  (lg-seq-block) create "noodle"
  (lg-seq-block) open "noodle"
  (lg-seq-block) writing "noodle"
  (lg-seq-block) close "noodle"
  (lg-seq-block) open "noodle" for verification
  (lg-seq-block) verified contents of "noodle"
  (lg-seq-block) close "noodle"
  (lg-seq-block) end
Differences in `diff -u' format:
  (lg-seq-block) begin
  (lg-seq-block) create "noodle"
  (lg-seq-block) open "noodle"
  (lg-seq-block) writing "noodle"
  (lg-seq-block) close "noodle"
- (lg-seq-block) open "noodle" for verification
- (lg-seq-block) verified contents of "noodle"
- (lg-seq-block) close "noodle"
- (lg-seq-block) end

(Process exit codes are excluded for matching purposes.)
echo c | ../../utils/pintos -v -k -T 60   --filesys-size=2 -p tests/filesys/base/lg-seq-random -a lg-seq-random -- -q  -f run lg-seq-random 2> tests/filesys/base/lg-seq-random.errors > tests/filesys/base/lg-seq-random.output
perl -I../.. ../../tests/filesys/base/lg-seq-random.ck tests/filesys/base/lg-seq-random tests/filesys/base/lg-seq-random.result
FAIL tests/filesys/base/lg-seq-random
Test output failed to match any acceptable form.

Acceptable output:
  (lg-seq-random) begin
  (lg-seq-random) create "nibble"
  (lg-seq-random) open "nibble"
  (lg-seq-random) writing "nibble"
  (lg-seq-random) close "nibble"
  (lg-seq-random) open "nibble" for verification
  (lg-seq-random) verified contents of "nibble"
  (lg-seq-random) close "nibble"
  (lg-seq-random) end
Differences in `diff -u' format:
  (lg-seq-random) begin
  (lg-seq-random) create "nibble"
  (lg-seq-random) open "nibble"
  (lg-seq-random) writing "nibble"
  (lg-seq-random) close "nibble"
- (lg-seq-random) open "nibble" for verification
- (lg-seq-random) verified contents of "nibble"
- (lg-seq-random) close "nibble"
- (lg-seq-random) end

(Process exit codes are excluded for matching purposes.)
echo c | ../../utils/pintos -v -k -T 60   --filesys-size=2 -p tests/filesys/base/sm-create -a sm-create -- -q  -f run sm-create 2> tests/filesys/base/sm-create.errors > tests/filesys/base/sm-create.output
perl -I../.. ../../tests/filesys/base/sm-create.ck tests/filesys/base/sm-create tests/filesys/base/sm-create.result
FAIL tests/filesys/base/sm-create
Test output failed to match any acceptable form.

Acceptable output:
  (sm-create) begin
  (sm-create) create "blargle"
  (sm-create) open "blargle" for verification
  (sm-create) verified contents of "blargle"
  (sm-create) close "blargle"
  (sm-create) end
Differences in `diff -u' format:
  (sm-create) begin
  (sm-create) create "blargle"
  (sm-create) open "blargle" for verification
  (sm-create) verified contents of "blargle"
  (sm-create) close "blargle"
- (sm-create) end

(Process exit codes are excluded for matching purposes.)
echo c | ../../utils/pintos -v -k -T 60   --filesys-size=2 -p tests/filesys/base/sm-full -a sm-full -- -q  -f run sm-full 2> tests/filesys/base/sm-full.errors > tests/filesys/base/sm-full.output
perl -I../.. ../../tests/filesys/base/sm-full.ck tests/filesys/base/sm-full tests/filesys/base/sm-full.result
FAIL tests/filesys/base/sm-full
Test output failed to match any acceptable form.

Acceptable output:
  (sm-full) begin
  (sm-full) create "quux"
  (sm-full) open "quux"
  (sm-full) writing "quux"
  (sm-full) close "quux"
  (sm-full) open "quux" for verification
  (sm-full) verified contents of "quux"
  (sm-full) close "quux"
  (sm-full) end
Differences in `diff -u' format:
  (sm-full) begin
  (sm-full) create "quux"
  (sm-full) open "quux"
  (sm-full) writing "quux"
  (sm-full) close "quux"
- (sm-full) open "quux" for verification
- (sm-full) verified contents of "quux"
- (sm-full) close "quux"
- (sm-full) end

(Process exit codes are excluded for matching purposes.)
echo c | ../../utils/pintos -v -k -T 60   --filesys-size=2 -p tests/filesys/base/sm-random -a sm-random -- -q  -f run sm-random 2> tests/filesys/base/sm-random.errors > tests/filesys/base/sm-random.output
perl -I../.. ../../tests/filesys/base/sm-random.ck tests/filesys/base/sm-random tests/filesys/base/sm-random.result
FAIL tests/filesys/base/sm-random
Test output failed to match any acceptable form.

Acceptable output:
  (sm-random) begin
  (sm-random) create "bazzle"
  (sm-random) open "bazzle"
  (sm-random) write "bazzle" in random order
  (sm-random) read "bazzle" in random order
  (sm-random) close "bazzle"
  (sm-random) end
Differences in `diff -u' format:
  (sm-random) begin
  (sm-random) create "bazzle"
  (sm-random) open "bazzle"
  (sm-random) write "bazzle" in random order
  (sm-random) read "bazzle" in random order
  (sm-random) close "bazzle"
- (sm-random) end

(Process exit codes are excluded for matching purposes.)
echo c | ../../utils/pintos -v -k -T 60   --filesys-size=2 -p tests/filesys/base/sm-seq-block -a sm-seq-block -- -q  -f run sm-seq-block 2> tests/filesys/base/sm-seq-block.errors > tests/filesys/base/sm-seq-block.output
perl -I../.. ../../tests/filesys/base/sm-seq-block.ck tests/filesys/base/sm-seq-block tests/filesys/base/sm-seq-block.result
FAIL tests/filesys/base/sm-seq-block
Test output failed to match any acceptable form.

Acceptable output:
  (sm-seq-block) begin
  (sm-seq-block) create "noodle"
  (sm-seq-block) open "noodle"
  (sm-seq-block) writing "noodle"
  (sm-seq-block) close "noodle"
  (sm-seq-block) open "noodle" for verification
  (sm-seq-block) verified contents of "noodle"
  (sm-seq-block) close "noodle"
  (sm-seq-block) end
Differences in `diff -u' format:
  (sm-seq-block) begin
  (sm-seq-block) create "noodle"
  (sm-seq-block) open "noodle"
  (sm-seq-block) writing "noodle"
  (sm-seq-block) close "noodle"
- (sm-seq-block) open "noodle" for verification
- (sm-seq-block) verified contents of "noodle"
- (sm-seq-block) close "noodle"
- (sm-seq-block) end

(Process exit codes are excluded for matching purposes.)
echo c | ../../utils/pintos -v -k -T 60   --filesys-size=2 -p tests/filesys/base/sm-seq-random -a sm-seq-random -- -q  -f run sm-seq-random 2> tests/filesys/base/sm-seq-random.errors > tests/filesys/base/sm-seq-random.output
perl -I../.. ../../tests/filesys/base/sm-seq-random.ck tests/filesys/base/sm-seq-random tests/filesys/base/sm-seq-random.result
FAIL tests/filesys/base/sm-seq-random
Test output failed to match any acceptable form.

Acceptable output:
  (sm-seq-random) begin
  (sm-seq-random) create "nibble"
  (sm-seq-random) open "nibble"
  (sm-seq-random) writing "nibble"
  (sm-seq-random) close "nibble"
  (sm-seq-random) open "nibble" for verification
  (sm-seq-random) verified contents of "nibble"
  (sm-seq-random) close "nibble"
  (sm-seq-random) end
Differences in `diff -u' format:
  (sm-seq-random) begin
  (sm-seq-random) create "nibble"
  (sm-seq-random) open "nibble"
  (sm-seq-random) writing "nibble"
  (sm-seq-random) close "nibble"
- (sm-seq-random) open "nibble" for verification
- (sm-seq-random) verified contents of "nibble"
- (sm-seq-random) close "nibble"
- (sm-seq-random) end

(Process exit codes are excluded for matching purposes.)
echo c | ../../utils/pintos -v -k -T 300   --filesys-size=2 -p tests/filesys/base/syn-read -a syn-read -p tests/filesys/base/child-syn-read -a child-syn-read -- -q  -f run syn-read 2> tests/filesys/base/syn-read.errors > tests/filesys/base/syn-read.output
perl -I../.. ../../tests/filesys/base/syn-read.ck tests/filesys/base/syn-read tests/filesys/base/syn-read.result
FAIL tests/filesys/base/syn-read
Test output failed to match any acceptable form.

Acceptable output:
  (syn-read) begin
  (syn-read) create "data"
  (syn-read) open "data"
  (syn-read) write "data"
  (syn-read) close "data"
  (syn-read) exec child 1 of 10: "child-syn-read 0"
  (syn-read) exec child 2 of 10: "child-syn-read 1"
  (syn-read) exec child 3 of 10: "child-syn-read 2"
  (syn-read) exec child 4 of 10: "child-syn-read 3"
  (syn-read) exec child 5 of 10: "child-syn-read 4"
  (syn-read) exec child 6 of 10: "child-syn-read 5"
  (syn-read) exec child 7 of 10: "child-syn-read 6"
  (syn-read) exec child 8 of 10: "child-syn-read 7"
  (syn-read) exec child 9 of 10: "child-syn-read 8"
  (syn-read) exec child 10 of 10: "child-syn-read 9"
  (syn-read) wait for child 1 of 10 returned 0 (expected 0)
  (syn-read) wait for child 2 of 10 returned 1 (expected 1)
  (syn-read) wait for child 3 of 10 returned 2 (expected 2)
  (syn-read) wait for child 4 of 10 returned 3 (expected 3)
  (syn-read) wait for child 5 of 10 returned 4 (expected 4)
  (syn-read) wait for child 6 of 10 returned 5 (expected 5)
  (syn-read) wait for child 7 of 10 returned 6 (expected 6)
  (syn-read) wait for child 8 of 10 returned 7 (expected 7)
  (syn-read) wait for child 9 of 10 returned 8 (expected 8)
  (syn-read) wait for child 10 of 10 returned 9 (expected 9)
  (syn-read) end
Differences in `diff -u' format:
  (syn-read) begin
  (syn-read) create "data"
  (syn-read) open "data"
  (syn-read) write "data"
  (syn-read) close "data"
- (syn-read) exec child 1 of 10: "child-syn-read 0"
- (syn-read) exec child 2 of 10: "child-syn-read 1"
- (syn-read) exec child 3 of 10: "child-syn-read 2"
- (syn-read) exec child 4 of 10: "child-syn-read 3"
- (syn-read) exec child 5 of 10: "child-syn-read 4"
- (syn-read) exec child 6 of 10: "child-syn-read 5"
- (syn-read) exec child 7 of 10: "child-syn-read 6"
- (syn-read) exec child 8 of 10: "child-syn-read 7"
- (syn-read) exec child 9 of 10: "child-syn-read 8"
- (syn-read) exec child 10 of 10: "child-syn-read 9"
- (syn-read) wait for child 1 of 10 returned 0 (expected 0)
- (syn-read) wait for child 2 of 10 returned 1 (expected 1)
- (syn-read) wait for child 3 of 10 returned 2 (expected 2)
- (syn-read) wait for child 4 of 10 returned 3 (expected 3)
- (syn-read) wait for child 5 of 10 returned 4 (expected 4)
- (syn-read) wait for child 6 of 10 returned 5 (expected 5)
- (syn-read) wait for child 7 of 10 returned 6 (expected 6)
- (syn-read) wait for child 8 of 10 returned 7 (expected 7)
- (syn-read) wait for child 9 of 10 returned 8 (expected 8)
- (syn-read) wait for child 10 of 10 returned 9 (expected 9)
- (syn-read) end

(Process exit codes are excluded for matching purposes.)
echo c | ../../utils/pintos -v -k -T 60   --filesys-size=2 -p tests/filesys/base/syn-remove -a syn-remove -- -q  -f run syn-remove 2> tests/filesys/base/syn-remove.errors > tests/filesys/base/syn-remove.output
perl -I../.. ../../tests/filesys/base/syn-remove.ck tests/filesys/base/syn-remove tests/filesys/base/syn-remove.result
FAIL tests/filesys/base/syn-remove
Test output failed to match any acceptable form.

Acceptable output:
  (syn-remove) begin
  (syn-remove) create "deleteme"
  (syn-remove) open "deleteme"
  (syn-remove) remove "deleteme"
  (syn-remove) write "deleteme"
  (syn-remove) seek "deleteme" to 0
  (syn-remove) read "deleteme"
  (syn-remove) close "deleteme"
  (syn-remove) end
Differences in `diff -u' format:
  (syn-remove) begin
  (syn-remove) create "deleteme"
  (syn-remove) open "deleteme"
  (syn-remove) remove "deleteme"
  (syn-remove) write "deleteme"
  (syn-remove) seek "deleteme" to 0
  (syn-remove) read "deleteme"
  (syn-remove) close "deleteme"
- (syn-remove) end

(Process exit codes are excluded for matching purposes.)
echo c | ../../utils/pintos -v -k -T 60   --filesys-size=2 -p tests/filesys/base/syn-write -a syn-write -p tests/filesys/base/child-syn-wrt -a child-syn-wrt -- -q  -f run syn-write 2> tests/filesys/base/syn-write.errors > tests/filesys/base/syn-write.output
perl -I../.. ../../tests/filesys/base/syn-write.ck tests/filesys/base/syn-write tests/filesys/base/syn-write.result
FAIL tests/filesys/base/syn-write
run: wait for child 1 of 10 returned -1 (expected 0): FAILED
pass tests/userprog/args-none
pass tests/userprog/args-single
pass tests/userprog/args-multiple
pass tests/userprog/args-many
pass tests/userprog/args-dbl-space
pass tests/userprog/sc-bad-sp
pass tests/userprog/sc-bad-arg
pass tests/userprog/sc-boundary
pass tests/userprog/sc-boundary-2
pass tests/userprog/halt
pass tests/userprog/exit
pass tests/userprog/create-normal
pass tests/userprog/create-empty
pass tests/userprog/create-null
pass tests/userprog/create-bad-ptr
pass tests/userprog/create-long
pass tests/userprog/create-exists
pass tests/userprog/create-bound
pass tests/userprog/open-normal
pass tests/userprog/open-missing
pass tests/userprog/open-boundary
pass tests/userprog/open-empty
pass tests/userprog/open-null
pass tests/userprog/open-bad-ptr
pass tests/userprog/open-twice
FAIL tests/userprog/close-normal
FAIL tests/userprog/close-twice
pass tests/userprog/close-stdin
pass tests/userprog/close-stdout
FAIL tests/userprog/close-bad-fd
FAIL tests/userprog/read-normal
pass tests/userprog/read-bad-ptr
pass tests/userprog/read-boundary
pass tests/userprog/read-zero
FAIL tests/userprog/read-stdout
FAIL tests/userprog/read-bad-fd
pass tests/userprog/write-normal
pass tests/userprog/write-bad-ptr
pass tests/userprog/write-boundary
pass tests/userprog/write-zero
FAIL tests/userprog/write-stdin
FAIL tests/userprog/write-bad-fd
pass tests/userprog/exec-once
pass tests/userprog/exec-arg
pass tests/userprog/exec-multiple
FAIL tests/userprog/exec-missing
pass tests/userprog/exec-bad-ptr
pass tests/userprog/wait-simple
FAIL tests/userprog/wait-twice
pass tests/userprog/wait-killed
FAIL tests/userprog/wait-bad-pid
pass tests/userprog/multi-recurse
FAIL tests/userprog/multi-child-fd
FAIL tests/userprog/rox-simple
FAIL tests/userprog/rox-child
FAIL tests/userprog/rox-multichild
pass tests/userprog/bad-read
pass tests/userprog/bad-write
pass tests/userprog/bad-read2
pass tests/userprog/bad-write2
pass tests/userprog/bad-jump
pass tests/userprog/bad-jump2
FAIL tests/userprog/no-vm/multi-oom
FAIL tests/filesys/base/lg-create
FAIL tests/filesys/base/lg-full
FAIL tests/filesys/base/lg-random
FAIL tests/filesys/base/lg-seq-block
FAIL tests/filesys/base/lg-seq-random
FAIL tests/filesys/base/sm-create
FAIL tests/filesys/base/sm-full
FAIL tests/filesys/base/sm-random
FAIL tests/filesys/base/sm-seq-block
FAIL tests/filesys/base/sm-seq-random
FAIL tests/filesys/base/syn-read
FAIL tests/filesys/base/syn-remove
FAIL tests/filesys/base/syn-write
29 of 76 tests failed.
make[1]: Leaving directory `/home/ee379k/Desktop/pintos/userprog/build'
